[0.258s] DEBUG:colcon:Command line arguments: ['/usr/bin/colcon', 'list', '-p', '--base-paths', '/home/arps/studies/robotics/Cuda_Accelerated_LidarNet']
[0.258s] DEBUG:colcon:Parsed command line arguments: Namespace(base_paths=['/home/arps/studies/robotics/Cuda_Accelerated_LidarNet'], build_base='build', ignore_user_meta=False, log_base=None, log_level=None, main=<bound method ListVerb.main of <colcon_package_information.verb.list.ListVerb object at 0x7f74c19c8710>>, metas=['./colcon.meta'], names_only=False, packages_above=None, packages_above_and_dependencies=None, packages_above_depth=None, packages_end=None, packages_ignore=None, packages_ignore_regex=None, packages_select=None, packages_select_build_failed=False, packages_select_by_dep=None, packages_select_regex=None, packages_select_test_failures=False, packages_skip=None, packages_skip_build_finished=False, packages_skip_by_dep=None, packages_skip_regex=None, packages_skip_test_passed=False, packages_skip_up_to=None, packages_start=None, packages_up_to=None, packages_up_to_regex=None, paths=None, paths_only=True, topological_graph=False, topological_graph_density=False, topological_graph_dot=False, topological_graph_dot_cluster=False, topological_graph_dot_include_skipped=False, topological_graph_legend=False, topological_order=False, verb_extension=<colcon_package_information.verb.list.ListVerb object at 0x7f74c19c8710>, verb_name='list', verb_parser=<colcon_defaults.argument_parser.defaults.DefaultArgumentsDecorator object at 0x7f74c19d27b8>)
[0.278s] Level 1:colcon.colcon_core.package_discovery:discover_packages(colcon_meta) check parameters
[0.278s] Level 1:colcon.colcon_core.package_discovery:discover_packages(recursive) check parameters
[0.278s] Level 1:colcon.colcon_core.package_discovery:discover_packages(ignore) check parameters
[0.278s] Level 1:colcon.colcon_core.package_discovery:discover_packages(path) check parameters
[0.278s] Level 1:colcon.colcon_core.package_discovery:discover_packages(recursive) discover
[0.278s] INFO:colcon.colcon_core.package_discovery:Crawling recursively for packages in '/home/arps/studies/robotics/Cuda_Accelerated_LidarNet'
[0.278s] Level 1:colcon.colcon_core.package_identification:_identify(/home/arps/studies/robotics/Cuda_Accelerated_LidarNet) by extensions ['ignore', 'ignore_ament_install']
[0.279s] Level 1:colcon.colcon_core.package_identification:_identify(/home/arps/studies/robotics/Cuda_Accelerated_LidarNet) by extension 'ignore'
[0.279s] Level 1:colcon.colcon_core.package_identification:_identify(/home/arps/studies/robotics/Cuda_Accelerated_LidarNet) by extension 'ignore_ament_install'
[0.279s] Level 1:colcon.colcon_core.package_identification:_identify(/home/arps/studies/robotics/Cuda_Accelerated_LidarNet) by extensions ['colcon_pkg']
[0.279s] Level 1:colcon.colcon_core.package_identification:_identify(/home/arps/studies/robotics/Cuda_Accelerated_LidarNet) by extension 'colcon_pkg'
[0.279s] Level 1:colcon.colcon_core.package_identification:_identify(/home/arps/studies/robotics/Cuda_Accelerated_LidarNet) by extensions ['colcon_meta']
[0.279s] Level 1:colcon.colcon_core.package_identification:_identify(/home/arps/studies/robotics/Cuda_Accelerated_LidarNet) by extension 'colcon_meta'
[0.279s] Level 1:colcon.colcon_core.package_identification:_identify(/home/arps/studies/robotics/Cuda_Accelerated_LidarNet) by extensions ['ros']
[0.279s] Level 1:colcon.colcon_core.package_identification:_identify(/home/arps/studies/robotics/Cuda_Accelerated_LidarNet) by extension 'ros'
[0.290s] Level 1:colcon.colcon_core.package_identification:_identify(/home/arps/studies/robotics/Cuda_Accelerated_LidarNet) by extensions ['cmake', 'python']
[0.291s] Level 1:colcon.colcon_core.package_identification:_identify(/home/arps/studies/robotics/Cuda_Accelerated_LidarNet) by extension 'cmake'
[0.291s] Level 1:colcon.colcon_core.package_identification:_identify(/home/arps/studies/robotics/Cuda_Accelerated_LidarNet) by extension 'python'
[0.291s] Level 1:colcon.colcon_core.package_identification:_identify(/home/arps/studies/robotics/Cuda_Accelerated_LidarNet) by extensions ['python_setup_py']
[0.291s] Level 1:colcon.colcon_core.package_identification:_identify(/home/arps/studies/robotics/Cuda_Accelerated_LidarNet) by extension 'python_setup_py'
[0.291s] Level 1:colcon.colcon_core.package_identification:_identify(/home/arps/studies/robotics/Cuda_Accelerated_LidarNet/core) by extensions ['ignore', 'ignore_ament_install']
[0.291s] Level 1:colcon.colcon_core.package_identification:_identify(/home/arps/studies/robotics/Cuda_Accelerated_LidarNet/core) by extension 'ignore'
[0.291s] Level 1:colcon.colcon_core.package_identification:_identify(/home/arps/studies/robotics/Cuda_Accelerated_LidarNet/core) by extension 'ignore_ament_install'
[0.291s] Level 1:colcon.colcon_core.package_identification:_identify(/home/arps/studies/robotics/Cuda_Accelerated_LidarNet/core) by extensions ['colcon_pkg']
[0.291s] Level 1:colcon.colcon_core.package_identification:_identify(/home/arps/studies/robotics/Cuda_Accelerated_LidarNet/core) by extension 'colcon_pkg'
[0.291s] Level 1:colcon.colcon_core.package_identification:_identify(/home/arps/studies/robotics/Cuda_Accelerated_LidarNet/core) by extensions ['colcon_meta']
[0.291s] Level 1:colcon.colcon_core.package_identification:_identify(/home/arps/studies/robotics/Cuda_Accelerated_LidarNet/core) by extension 'colcon_meta'
[0.291s] Level 1:colcon.colcon_core.package_identification:_identify(/home/arps/studies/robotics/Cuda_Accelerated_LidarNet/core) by extensions ['ros']
[0.291s] Level 1:colcon.colcon_core.package_identification:_identify(/home/arps/studies/robotics/Cuda_Accelerated_LidarNet/core) by extension 'ros'
[0.291s] Level 1:colcon.colcon_core.package_identification:_identify(/home/arps/studies/robotics/Cuda_Accelerated_LidarNet/core) by extensions ['cmake', 'python']
[0.292s] Level 1:colcon.colcon_core.package_identification:_identify(/home/arps/studies/robotics/Cuda_Accelerated_LidarNet/core) by extension 'cmake'
[0.292s] Level 1:colcon.colcon_core.package_identification:_identify(/home/arps/studies/robotics/Cuda_Accelerated_LidarNet/core) by extension 'python'
[0.292s] Level 1:colcon.colcon_core.package_identification:_identify(/home/arps/studies/robotics/Cuda_Accelerated_LidarNet/core) by extensions ['python_setup_py']
[0.292s] Level 1:colcon.colcon_core.package_identification:_identify(/home/arps/studies/robotics/Cuda_Accelerated_LidarNet/core) by extension 'python_setup_py'
[0.292s] Level 1:colcon.colcon_core.package_identification:_identify(/home/arps/studies/robotics/Cuda_Accelerated_LidarNet/data) by extensions ['ignore', 'ignore_ament_install']
[0.292s] Level 1:colcon.colcon_core.package_identification:_identify(/home/arps/studies/robotics/Cuda_Accelerated_LidarNet/data) by extension 'ignore'
[0.292s] Level 1:colcon.colcon_core.package_identification:_identify(/home/arps/studies/robotics/Cuda_Accelerated_LidarNet/data) by extension 'ignore_ament_install'
[0.292s] Level 1:colcon.colcon_core.package_identification:_identify(/home/arps/studies/robotics/Cuda_Accelerated_LidarNet/data) by extensions ['colcon_pkg']
[0.292s] Level 1:colcon.colcon_core.package_identification:_identify(/home/arps/studies/robotics/Cuda_Accelerated_LidarNet/data) by extension 'colcon_pkg'
[0.292s] Level 1:colcon.colcon_core.package_identification:_identify(/home/arps/studies/robotics/Cuda_Accelerated_LidarNet/data) by extensions ['colcon_meta']
[0.292s] Level 1:colcon.colcon_core.package_identification:_identify(/home/arps/studies/robotics/Cuda_Accelerated_LidarNet/data) by extension 'colcon_meta'
[0.292s] Level 1:colcon.colcon_core.package_identification:_identify(/home/arps/studies/robotics/Cuda_Accelerated_LidarNet/data) by extensions ['ros']
[0.292s] Level 1:colcon.colcon_core.package_identification:_identify(/home/arps/studies/robotics/Cuda_Accelerated_LidarNet/data) by extension 'ros'
[0.292s] Level 1:colcon.colcon_core.package_identification:_identify(/home/arps/studies/robotics/Cuda_Accelerated_LidarNet/data) by extensions ['cmake', 'python']
[0.292s] Level 1:colcon.colcon_core.package_identification:_identify(/home/arps/studies/robotics/Cuda_Accelerated_LidarNet/data) by extension 'cmake'
[0.292s] Level 1:colcon.colcon_core.package_identification:_identify(/home/arps/studies/robotics/Cuda_Accelerated_LidarNet/data) by extension 'python'
[0.292s] Level 1:colcon.colcon_core.package_identification:_identify(/home/arps/studies/robotics/Cuda_Accelerated_LidarNet/data) by extensions ['python_setup_py']
[0.292s] Level 1:colcon.colcon_core.package_identification:_identify(/home/arps/studies/robotics/Cuda_Accelerated_LidarNet/data) by extension 'python_setup_py'
[0.292s] Level 1:colcon.colcon_core.package_identification:_identify(/home/arps/studies/robotics/Cuda_Accelerated_LidarNet/docs) by extensions ['ignore', 'ignore_ament_install']
[0.293s] Level 1:colcon.colcon_core.package_identification:_identify(/home/arps/studies/robotics/Cuda_Accelerated_LidarNet/docs) by extension 'ignore'
[0.293s] Level 1:colcon.colcon_core.package_identification:_identify(/home/arps/studies/robotics/Cuda_Accelerated_LidarNet/docs) by extension 'ignore_ament_install'
[0.293s] Level 1:colcon.colcon_core.package_identification:_identify(/home/arps/studies/robotics/Cuda_Accelerated_LidarNet/docs) by extensions ['colcon_pkg']
[0.293s] Level 1:colcon.colcon_core.package_identification:_identify(/home/arps/studies/robotics/Cuda_Accelerated_LidarNet/docs) by extension 'colcon_pkg'
[0.293s] Level 1:colcon.colcon_core.package_identification:_identify(/home/arps/studies/robotics/Cuda_Accelerated_LidarNet/docs) by extensions ['colcon_meta']
[0.293s] Level 1:colcon.colcon_core.package_identification:_identify(/home/arps/studies/robotics/Cuda_Accelerated_LidarNet/docs) by extension 'colcon_meta'
[0.293s] Level 1:colcon.colcon_core.package_identification:_identify(/home/arps/studies/robotics/Cuda_Accelerated_LidarNet/docs) by extensions ['ros']
[0.293s] Level 1:colcon.colcon_core.package_identification:_identify(/home/arps/studies/robotics/Cuda_Accelerated_LidarNet/docs) by extension 'ros'
[0.293s] Level 1:colcon.colcon_core.package_identification:_identify(/home/arps/studies/robotics/Cuda_Accelerated_LidarNet/docs) by extensions ['cmake', 'python']
[0.293s] Level 1:colcon.colcon_core.package_identification:_identify(/home/arps/studies/robotics/Cuda_Accelerated_LidarNet/docs) by extension 'cmake'
[0.293s] Level 1:colcon.colcon_core.package_identification:_identify(/home/arps/studies/robotics/Cuda_Accelerated_LidarNet/docs) by extension 'python'
[0.293s] Level 1:colcon.colcon_core.package_identification:_identify(/home/arps/studies/robotics/Cuda_Accelerated_LidarNet/docs) by extensions ['python_setup_py']
[0.293s] Level 1:colcon.colcon_core.package_identification:_identify(/home/arps/studies/robotics/Cuda_Accelerated_LidarNet/docs) by extension 'python_setup_py'
[0.293s] Level 1:colcon.colcon_core.package_identification:_identify(/home/arps/studies/robotics/Cuda_Accelerated_LidarNet/images) by extensions ['ignore', 'ignore_ament_install']
[0.293s] Level 1:colcon.colcon_core.package_identification:_identify(/home/arps/studies/robotics/Cuda_Accelerated_LidarNet/images) by extension 'ignore'
[0.293s] Level 1:colcon.colcon_core.package_identification:_identify(/home/arps/studies/robotics/Cuda_Accelerated_LidarNet/images) by extension 'ignore_ament_install'
[0.293s] Level 1:colcon.colcon_core.package_identification:_identify(/home/arps/studies/robotics/Cuda_Accelerated_LidarNet/images) by extensions ['colcon_pkg']
[0.293s] Level 1:colcon.colcon_core.package_identification:_identify(/home/arps/studies/robotics/Cuda_Accelerated_LidarNet/images) by extension 'colcon_pkg'
[0.293s] Level 1:colcon.colcon_core.package_identification:_identify(/home/arps/studies/robotics/Cuda_Accelerated_LidarNet/images) by extensions ['colcon_meta']
[0.293s] Level 1:colcon.colcon_core.package_identification:_identify(/home/arps/studies/robotics/Cuda_Accelerated_LidarNet/images) by extension 'colcon_meta'
[0.294s] Level 1:colcon.colcon_core.package_identification:_identify(/home/arps/studies/robotics/Cuda_Accelerated_LidarNet/images) by extensions ['ros']
[0.294s] Level 1:colcon.colcon_core.package_identification:_identify(/home/arps/studies/robotics/Cuda_Accelerated_LidarNet/images) by extension 'ros'
[0.294s] Level 1:colcon.colcon_core.package_identification:_identify(/home/arps/studies/robotics/Cuda_Accelerated_LidarNet/images) by extensions ['cmake', 'python']
[0.294s] Level 1:colcon.colcon_core.package_identification:_identify(/home/arps/studies/robotics/Cuda_Accelerated_LidarNet/images) by extension 'cmake'
[0.294s] Level 1:colcon.colcon_core.package_identification:_identify(/home/arps/studies/robotics/Cuda_Accelerated_LidarNet/images) by extension 'python'
[0.294s] Level 1:colcon.colcon_core.package_identification:_identify(/home/arps/studies/robotics/Cuda_Accelerated_LidarNet/images) by extensions ['python_setup_py']
[0.294s] Level 1:colcon.colcon_core.package_identification:_identify(/home/arps/studies/robotics/Cuda_Accelerated_LidarNet/images) by extension 'python_setup_py'
[0.294s] Level 1:colcon.colcon_core.package_identification:_identify(/home/arps/studies/robotics/Cuda_Accelerated_LidarNet/libs) by extensions ['ignore', 'ignore_ament_install']
[0.294s] Level 1:colcon.colcon_core.package_identification:_identify(/home/arps/studies/robotics/Cuda_Accelerated_LidarNet/libs) by extension 'ignore'
[0.294s] Level 1:colcon.colcon_core.package_identification:_identify(/home/arps/studies/robotics/Cuda_Accelerated_LidarNet/libs) by extension 'ignore_ament_install'
[0.294s] Level 1:colcon.colcon_core.package_identification:_identify(/home/arps/studies/robotics/Cuda_Accelerated_LidarNet/libs) by extensions ['colcon_pkg']
[0.294s] Level 1:colcon.colcon_core.package_identification:_identify(/home/arps/studies/robotics/Cuda_Accelerated_LidarNet/libs) by extension 'colcon_pkg'
[0.294s] Level 1:colcon.colcon_core.package_identification:_identify(/home/arps/studies/robotics/Cuda_Accelerated_LidarNet/libs) by extensions ['colcon_meta']
[0.294s] Level 1:colcon.colcon_core.package_identification:_identify(/home/arps/studies/robotics/Cuda_Accelerated_LidarNet/libs) by extension 'colcon_meta'
[0.294s] Level 1:colcon.colcon_core.package_identification:_identify(/home/arps/studies/robotics/Cuda_Accelerated_LidarNet/libs) by extensions ['ros']
[0.294s] Level 1:colcon.colcon_core.package_identification:_identify(/home/arps/studies/robotics/Cuda_Accelerated_LidarNet/libs) by extension 'ros'
[0.294s] Level 1:colcon.colcon_core.package_identification:_identify(/home/arps/studies/robotics/Cuda_Accelerated_LidarNet/libs) by extensions ['cmake', 'python']
[0.294s] Level 1:colcon.colcon_core.package_identification:_identify(/home/arps/studies/robotics/Cuda_Accelerated_LidarNet/libs) by extension 'cmake'
[0.294s] Level 1:colcon.colcon_core.package_identification:_identify(/home/arps/studies/robotics/Cuda_Accelerated_LidarNet/libs) by extension 'python'
[0.295s] Level 1:colcon.colcon_core.package_identification:_identify(/home/arps/studies/robotics/Cuda_Accelerated_LidarNet/libs) by extensions ['python_setup_py']
[0.295s] Level 1:colcon.colcon_core.package_identification:_identify(/home/arps/studies/robotics/Cuda_Accelerated_LidarNet/libs) by extension 'python_setup_py'
[0.295s] Level 1:colcon.colcon_core.package_identification:_identify(/home/arps/studies/robotics/Cuda_Accelerated_LidarNet/libs/ops) by extensions ['ignore', 'ignore_ament_install']
[0.295s] Level 1:colcon.colcon_core.package_identification:_identify(/home/arps/studies/robotics/Cuda_Accelerated_LidarNet/libs/ops) by extension 'ignore'
[0.295s] Level 1:colcon.colcon_core.package_identification:_identify(/home/arps/studies/robotics/Cuda_Accelerated_LidarNet/libs/ops) by extension 'ignore_ament_install'
[0.295s] Level 1:colcon.colcon_core.package_identification:_identify(/home/arps/studies/robotics/Cuda_Accelerated_LidarNet/libs/ops) by extensions ['colcon_pkg']
[0.295s] Level 1:colcon.colcon_core.package_identification:_identify(/home/arps/studies/robotics/Cuda_Accelerated_LidarNet/libs/ops) by extension 'colcon_pkg'
[0.295s] Level 1:colcon.colcon_core.package_identification:_identify(/home/arps/studies/robotics/Cuda_Accelerated_LidarNet/libs/ops) by extensions ['colcon_meta']
[0.295s] Level 1:colcon.colcon_core.package_identification:_identify(/home/arps/studies/robotics/Cuda_Accelerated_LidarNet/libs/ops) by extension 'colcon_meta'
[0.295s] Level 1:colcon.colcon_core.package_identification:_identify(/home/arps/studies/robotics/Cuda_Accelerated_LidarNet/libs/ops) by extensions ['ros']
[0.295s] Level 1:colcon.colcon_core.package_identification:_identify(/home/arps/studies/robotics/Cuda_Accelerated_LidarNet/libs/ops) by extension 'ros'
[0.295s] Level 1:colcon.colcon_core.package_identification:_identify(/home/arps/studies/robotics/Cuda_Accelerated_LidarNet/libs/ops) by extensions ['cmake', 'python']
[0.295s] Level 1:colcon.colcon_core.package_identification:_identify(/home/arps/studies/robotics/Cuda_Accelerated_LidarNet/libs/ops) by extension 'cmake'
[0.295s] Level 1:colcon.colcon_core.package_identification:_identify(/home/arps/studies/robotics/Cuda_Accelerated_LidarNet/libs/ops) by extension 'python'
[0.295s] Level 1:colcon.colcon_core.package_identification:_identify(/home/arps/studies/robotics/Cuda_Accelerated_LidarNet/libs/ops) by extensions ['python_setup_py']
[0.295s] Level 1:colcon.colcon_core.package_identification:_identify(/home/arps/studies/robotics/Cuda_Accelerated_LidarNet/libs/ops) by extension 'python_setup_py'
[0.295s] Level 1:colcon.colcon_core.package_identification:_identify(/home/arps/studies/robotics/Cuda_Accelerated_LidarNet/libs/ops/cc) by extensions ['ignore', 'ignore_ament_install']
[0.295s] Level 1:colcon.colcon_core.package_identification:_identify(/home/arps/studies/robotics/Cuda_Accelerated_LidarNet/libs/ops/cc) by extension 'ignore'
[0.296s] Level 1:colcon.colcon_core.package_identification:_identify(/home/arps/studies/robotics/Cuda_Accelerated_LidarNet/libs/ops/cc) by extension 'ignore_ament_install'
[0.296s] Level 1:colcon.colcon_core.package_identification:_identify(/home/arps/studies/robotics/Cuda_Accelerated_LidarNet/libs/ops/cc) by extensions ['colcon_pkg']
[0.296s] Level 1:colcon.colcon_core.package_identification:_identify(/home/arps/studies/robotics/Cuda_Accelerated_LidarNet/libs/ops/cc) by extension 'colcon_pkg'
[0.296s] Level 1:colcon.colcon_core.package_identification:_identify(/home/arps/studies/robotics/Cuda_Accelerated_LidarNet/libs/ops/cc) by extensions ['colcon_meta']
[0.296s] Level 1:colcon.colcon_core.package_identification:_identify(/home/arps/studies/robotics/Cuda_Accelerated_LidarNet/libs/ops/cc) by extension 'colcon_meta'
[0.296s] Level 1:colcon.colcon_core.package_identification:_identify(/home/arps/studies/robotics/Cuda_Accelerated_LidarNet/libs/ops/cc) by extensions ['ros']
[0.296s] Level 1:colcon.colcon_core.package_identification:_identify(/home/arps/studies/robotics/Cuda_Accelerated_LidarNet/libs/ops/cc) by extension 'ros'
[0.296s] Level 1:colcon.colcon_core.package_identification:_identify(/home/arps/studies/robotics/Cuda_Accelerated_LidarNet/libs/ops/cc) by extensions ['cmake', 'python']
[0.296s] Level 1:colcon.colcon_core.package_identification:_identify(/home/arps/studies/robotics/Cuda_Accelerated_LidarNet/libs/ops/cc) by extension 'cmake'
[0.296s] Level 1:colcon.colcon_core.package_identification:_identify(/home/arps/studies/robotics/Cuda_Accelerated_LidarNet/libs/ops/cc) by extension 'python'
[0.296s] Level 1:colcon.colcon_core.package_identification:_identify(/home/arps/studies/robotics/Cuda_Accelerated_LidarNet/libs/ops/cc) by extensions ['python_setup_py']
[0.296s] Level 1:colcon.colcon_core.package_identification:_identify(/home/arps/studies/robotics/Cuda_Accelerated_LidarNet/libs/ops/cc) by extension 'python_setup_py'
[0.296s] Level 1:colcon.colcon_core.package_identification:_identify(/home/arps/studies/robotics/Cuda_Accelerated_LidarNet/libs/ops/cc/nms) by extensions ['ignore', 'ignore_ament_install']
[0.296s] Level 1:colcon.colcon_core.package_identification:_identify(/home/arps/studies/robotics/Cuda_Accelerated_LidarNet/libs/ops/cc/nms) by extension 'ignore'
[0.296s] Level 1:colcon.colcon_core.package_identification:_identify(/home/arps/studies/robotics/Cuda_Accelerated_LidarNet/libs/ops/cc/nms) by extension 'ignore_ament_install'
[0.296s] Level 1:colcon.colcon_core.package_identification:_identify(/home/arps/studies/robotics/Cuda_Accelerated_LidarNet/libs/ops/cc/nms) by extensions ['colcon_pkg']
[0.296s] Level 1:colcon.colcon_core.package_identification:_identify(/home/arps/studies/robotics/Cuda_Accelerated_LidarNet/libs/ops/cc/nms) by extension 'colcon_pkg'
[0.296s] Level 1:colcon.colcon_core.package_identification:_identify(/home/arps/studies/robotics/Cuda_Accelerated_LidarNet/libs/ops/cc/nms) by extensions ['colcon_meta']
[0.297s] Level 1:colcon.colcon_core.package_identification:_identify(/home/arps/studies/robotics/Cuda_Accelerated_LidarNet/libs/ops/cc/nms) by extension 'colcon_meta'
[0.297s] Level 1:colcon.colcon_core.package_identification:_identify(/home/arps/studies/robotics/Cuda_Accelerated_LidarNet/libs/ops/cc/nms) by extensions ['ros']
[0.297s] Level 1:colcon.colcon_core.package_identification:_identify(/home/arps/studies/robotics/Cuda_Accelerated_LidarNet/libs/ops/cc/nms) by extension 'ros'
[0.297s] Level 1:colcon.colcon_core.package_identification:_identify(/home/arps/studies/robotics/Cuda_Accelerated_LidarNet/libs/ops/cc/nms) by extensions ['cmake', 'python']
[0.297s] Level 1:colcon.colcon_core.package_identification:_identify(/home/arps/studies/robotics/Cuda_Accelerated_LidarNet/libs/ops/cc/nms) by extension 'cmake'
[0.297s] Level 1:colcon.colcon_core.package_identification:_identify(/home/arps/studies/robotics/Cuda_Accelerated_LidarNet/libs/ops/cc/nms) by extension 'python'
[0.297s] Level 1:colcon.colcon_core.package_identification:_identify(/home/arps/studies/robotics/Cuda_Accelerated_LidarNet/libs/ops/cc/nms) by extensions ['python_setup_py']
[0.297s] Level 1:colcon.colcon_core.package_identification:_identify(/home/arps/studies/robotics/Cuda_Accelerated_LidarNet/libs/ops/cc/nms) by extension 'python_setup_py'
[0.297s] Level 1:colcon.colcon_core.package_identification:_identify(/home/arps/studies/robotics/Cuda_Accelerated_LidarNet/libs/ops/non_max_suppression) by extensions ['ignore', 'ignore_ament_install']
[0.297s] Level 1:colcon.colcon_core.package_identification:_identify(/home/arps/studies/robotics/Cuda_Accelerated_LidarNet/libs/ops/non_max_suppression) by extension 'ignore'
[0.297s] Level 1:colcon.colcon_core.package_identification:_identify(/home/arps/studies/robotics/Cuda_Accelerated_LidarNet/libs/ops/non_max_suppression) by extension 'ignore_ament_install'
[0.297s] Level 1:colcon.colcon_core.package_identification:_identify(/home/arps/studies/robotics/Cuda_Accelerated_LidarNet/libs/ops/non_max_suppression) by extensions ['colcon_pkg']
[0.297s] Level 1:colcon.colcon_core.package_identification:_identify(/home/arps/studies/robotics/Cuda_Accelerated_LidarNet/libs/ops/non_max_suppression) by extension 'colcon_pkg'
[0.298s] Level 1:colcon.colcon_core.package_identification:_identify(/home/arps/studies/robotics/Cuda_Accelerated_LidarNet/libs/ops/non_max_suppression) by extensions ['colcon_meta']
[0.298s] Level 1:colcon.colcon_core.package_identification:_identify(/home/arps/studies/robotics/Cuda_Accelerated_LidarNet/libs/ops/non_max_suppression) by extension 'colcon_meta'
[0.298s] Level 1:colcon.colcon_core.package_identification:_identify(/home/arps/studies/robotics/Cuda_Accelerated_LidarNet/libs/ops/non_max_suppression) by extensions ['ros']
[0.298s] Level 1:colcon.colcon_core.package_identification:_identify(/home/arps/studies/robotics/Cuda_Accelerated_LidarNet/libs/ops/non_max_suppression) by extension 'ros'
[0.298s] Level 1:colcon.colcon_core.package_identification:_identify(/home/arps/studies/robotics/Cuda_Accelerated_LidarNet/libs/ops/non_max_suppression) by extensions ['cmake', 'python']
[0.298s] Level 1:colcon.colcon_core.package_identification:_identify(/home/arps/studies/robotics/Cuda_Accelerated_LidarNet/libs/ops/non_max_suppression) by extension 'cmake'
[0.298s] Level 1:colcon.colcon_core.package_identification:_identify(/home/arps/studies/robotics/Cuda_Accelerated_LidarNet/libs/ops/non_max_suppression) by extension 'python'
[0.298s] Level 1:colcon.colcon_core.package_identification:_identify(/home/arps/studies/robotics/Cuda_Accelerated_LidarNet/libs/ops/non_max_suppression) by extensions ['python_setup_py']
[0.298s] Level 1:colcon.colcon_core.package_identification:_identify(/home/arps/studies/robotics/Cuda_Accelerated_LidarNet/libs/ops/non_max_suppression) by extension 'python_setup_py'
[0.298s] Level 1:colcon.colcon_core.package_identification:_identify(/home/arps/studies/robotics/Cuda_Accelerated_LidarNet/libs/ops/point_cloud) by extensions ['ignore', 'ignore_ament_install']
[0.298s] Level 1:colcon.colcon_core.package_identification:_identify(/home/arps/studies/robotics/Cuda_Accelerated_LidarNet/libs/ops/point_cloud) by extension 'ignore'
[0.298s] Level 1:colcon.colcon_core.package_identification:_identify(/home/arps/studies/robotics/Cuda_Accelerated_LidarNet/libs/ops/point_cloud) by extension 'ignore_ament_install'
[0.298s] Level 1:colcon.colcon_core.package_identification:_identify(/home/arps/studies/robotics/Cuda_Accelerated_LidarNet/libs/ops/point_cloud) by extensions ['colcon_pkg']
[0.299s] Level 1:colcon.colcon_core.package_identification:_identify(/home/arps/studies/robotics/Cuda_Accelerated_LidarNet/libs/ops/point_cloud) by extension 'colcon_pkg'
[0.299s] Level 1:colcon.colcon_core.package_identification:_identify(/home/arps/studies/robotics/Cuda_Accelerated_LidarNet/libs/ops/point_cloud) by extensions ['colcon_meta']
[0.299s] Level 1:colcon.colcon_core.package_identification:_identify(/home/arps/studies/robotics/Cuda_Accelerated_LidarNet/libs/ops/point_cloud) by extension 'colcon_meta'
[0.299s] Level 1:colcon.colcon_core.package_identification:_identify(/home/arps/studies/robotics/Cuda_Accelerated_LidarNet/libs/ops/point_cloud) by extensions ['ros']
[0.299s] Level 1:colcon.colcon_core.package_identification:_identify(/home/arps/studies/robotics/Cuda_Accelerated_LidarNet/libs/ops/point_cloud) by extension 'ros'
[0.299s] Level 1:colcon.colcon_core.package_identification:_identify(/home/arps/studies/robotics/Cuda_Accelerated_LidarNet/libs/ops/point_cloud) by extensions ['cmake', 'python']
[0.299s] Level 1:colcon.colcon_core.package_identification:_identify(/home/arps/studies/robotics/Cuda_Accelerated_LidarNet/libs/ops/point_cloud) by extension 'cmake'
[0.299s] Level 1:colcon.colcon_core.package_identification:_identify(/home/arps/studies/robotics/Cuda_Accelerated_LidarNet/libs/ops/point_cloud) by extension 'python'
[0.299s] Level 1:colcon.colcon_core.package_identification:_identify(/home/arps/studies/robotics/Cuda_Accelerated_LidarNet/libs/ops/point_cloud) by extensions ['python_setup_py']
[0.299s] Level 1:colcon.colcon_core.package_identification:_identify(/home/arps/studies/robotics/Cuda_Accelerated_LidarNet/libs/ops/point_cloud) by extension 'python_setup_py'
[0.299s] Level 1:colcon.colcon_core.package_identification:_identify(/home/arps/studies/robotics/Cuda_Accelerated_LidarNet/libs/tools) by extensions ['ignore', 'ignore_ament_install']
[0.300s] Level 1:colcon.colcon_core.package_identification:_identify(/home/arps/studies/robotics/Cuda_Accelerated_LidarNet/libs/tools) by extension 'ignore'
[0.300s] Level 1:colcon.colcon_core.package_identification:_identify(/home/arps/studies/robotics/Cuda_Accelerated_LidarNet/libs/tools) by extension 'ignore_ament_install'
[0.300s] Level 1:colcon.colcon_core.package_identification:_identify(/home/arps/studies/robotics/Cuda_Accelerated_LidarNet/libs/tools) by extensions ['colcon_pkg']
[0.300s] Level 1:colcon.colcon_core.package_identification:_identify(/home/arps/studies/robotics/Cuda_Accelerated_LidarNet/libs/tools) by extension 'colcon_pkg'
[0.300s] Level 1:colcon.colcon_core.package_identification:_identify(/home/arps/studies/robotics/Cuda_Accelerated_LidarNet/libs/tools) by extensions ['colcon_meta']
[0.300s] Level 1:colcon.colcon_core.package_identification:_identify(/home/arps/studies/robotics/Cuda_Accelerated_LidarNet/libs/tools) by extension 'colcon_meta'
[0.300s] Level 1:colcon.colcon_core.package_identification:_identify(/home/arps/studies/robotics/Cuda_Accelerated_LidarNet/libs/tools) by extensions ['ros']
[0.300s] Level 1:colcon.colcon_core.package_identification:_identify(/home/arps/studies/robotics/Cuda_Accelerated_LidarNet/libs/tools) by extension 'ros'
[0.300s] Level 1:colcon.colcon_core.package_identification:_identify(/home/arps/studies/robotics/Cuda_Accelerated_LidarNet/libs/tools) by extensions ['cmake', 'python']
[0.300s] Level 1:colcon.colcon_core.package_identification:_identify(/home/arps/studies/robotics/Cuda_Accelerated_LidarNet/libs/tools) by extension 'cmake'
[0.300s] Level 1:colcon.colcon_core.package_identification:_identify(/home/arps/studies/robotics/Cuda_Accelerated_LidarNet/libs/tools) by extension 'python'
[0.300s] Level 1:colcon.colcon_core.package_identification:_identify(/home/arps/studies/robotics/Cuda_Accelerated_LidarNet/libs/tools) by extensions ['python_setup_py']
[0.300s] Level 1:colcon.colcon_core.package_identification:_identify(/home/arps/studies/robotics/Cuda_Accelerated_LidarNet/libs/tools) by extension 'python_setup_py'
[0.300s] Level 1:colcon.colcon_core.package_identification:_identify(/home/arps/studies/robotics/Cuda_Accelerated_LidarNet/libs/tools/buildtools) by extensions ['ignore', 'ignore_ament_install']
[0.301s] Level 1:colcon.colcon_core.package_identification:_identify(/home/arps/studies/robotics/Cuda_Accelerated_LidarNet/libs/tools/buildtools) by extension 'ignore'
[0.301s] Level 1:colcon.colcon_core.package_identification:_identify(/home/arps/studies/robotics/Cuda_Accelerated_LidarNet/libs/tools/buildtools) by extension 'ignore_ament_install'
[0.301s] Level 1:colcon.colcon_core.package_identification:_identify(/home/arps/studies/robotics/Cuda_Accelerated_LidarNet/libs/tools/buildtools) by extensions ['colcon_pkg']
[0.301s] Level 1:colcon.colcon_core.package_identification:_identify(/home/arps/studies/robotics/Cuda_Accelerated_LidarNet/libs/tools/buildtools) by extension 'colcon_pkg'
[0.301s] Level 1:colcon.colcon_core.package_identification:_identify(/home/arps/studies/robotics/Cuda_Accelerated_LidarNet/libs/tools/buildtools) by extensions ['colcon_meta']
[0.301s] Level 1:colcon.colcon_core.package_identification:_identify(/home/arps/studies/robotics/Cuda_Accelerated_LidarNet/libs/tools/buildtools) by extension 'colcon_meta'
[0.301s] Level 1:colcon.colcon_core.package_identification:_identify(/home/arps/studies/robotics/Cuda_Accelerated_LidarNet/libs/tools/buildtools) by extensions ['ros']
[0.301s] Level 1:colcon.colcon_core.package_identification:_identify(/home/arps/studies/robotics/Cuda_Accelerated_LidarNet/libs/tools/buildtools) by extension 'ros'
[0.301s] Level 1:colcon.colcon_core.package_identification:_identify(/home/arps/studies/robotics/Cuda_Accelerated_LidarNet/libs/tools/buildtools) by extensions ['cmake', 'python']
[0.301s] Level 1:colcon.colcon_core.package_identification:_identify(/home/arps/studies/robotics/Cuda_Accelerated_LidarNet/libs/tools/buildtools) by extension 'cmake'
[0.301s] Level 1:colcon.colcon_core.package_identification:_identify(/home/arps/studies/robotics/Cuda_Accelerated_LidarNet/libs/tools/buildtools) by extension 'python'
[0.301s] Level 1:colcon.colcon_core.package_identification:_identify(/home/arps/studies/robotics/Cuda_Accelerated_LidarNet/libs/tools/buildtools) by extensions ['python_setup_py']
[0.301s] Level 1:colcon.colcon_core.package_identification:_identify(/home/arps/studies/robotics/Cuda_Accelerated_LidarNet/libs/tools/buildtools) by extension 'python_setup_py'
[0.302s] Level 1:colcon.colcon_core.package_identification:_identify(/home/arps/studies/robotics/Cuda_Accelerated_LidarNet/log) by extensions ['ignore', 'ignore_ament_install']
[0.302s] Level 1:colcon.colcon_core.package_identification:_identify(/home/arps/studies/robotics/Cuda_Accelerated_LidarNet/log) by extension 'ignore'
[0.302s] Level 1:colcon.colcon_core.package_identification:_identify(/home/arps/studies/robotics/Cuda_Accelerated_LidarNet/log) ignored
[0.302s] Level 1:colcon.colcon_core.package_identification:_identify(/home/arps/studies/robotics/Cuda_Accelerated_LidarNet/models) by extensions ['ignore', 'ignore_ament_install']
[0.302s] Level 1:colcon.colcon_core.package_identification:_identify(/home/arps/studies/robotics/Cuda_Accelerated_LidarNet/models) by extension 'ignore'
[0.302s] Level 1:colcon.colcon_core.package_identification:_identify(/home/arps/studies/robotics/Cuda_Accelerated_LidarNet/models) by extension 'ignore_ament_install'
[0.302s] Level 1:colcon.colcon_core.package_identification:_identify(/home/arps/studies/robotics/Cuda_Accelerated_LidarNet/models) by extensions ['colcon_pkg']
[0.303s] Level 1:colcon.colcon_core.package_identification:_identify(/home/arps/studies/robotics/Cuda_Accelerated_LidarNet/models) by extension 'colcon_pkg'
[0.303s] Level 1:colcon.colcon_core.package_identification:_identify(/home/arps/studies/robotics/Cuda_Accelerated_LidarNet/models) by extensions ['colcon_meta']
[0.303s] Level 1:colcon.colcon_core.package_identification:_identify(/home/arps/studies/robotics/Cuda_Accelerated_LidarNet/models) by extension 'colcon_meta'
[0.303s] Level 1:colcon.colcon_core.package_identification:_identify(/home/arps/studies/robotics/Cuda_Accelerated_LidarNet/models) by extensions ['ros']
[0.303s] Level 1:colcon.colcon_core.package_identification:_identify(/home/arps/studies/robotics/Cuda_Accelerated_LidarNet/models) by extension 'ros'
[0.303s] Level 1:colcon.colcon_core.package_identification:_identify(/home/arps/studies/robotics/Cuda_Accelerated_LidarNet/models) by extensions ['cmake', 'python']
[0.303s] Level 1:colcon.colcon_core.package_identification:_identify(/home/arps/studies/robotics/Cuda_Accelerated_LidarNet/models) by extension 'cmake'
[0.303s] Level 1:colcon.colcon_core.package_identification:_identify(/home/arps/studies/robotics/Cuda_Accelerated_LidarNet/models) by extension 'python'
[0.303s] Level 1:colcon.colcon_core.package_identification:_identify(/home/arps/studies/robotics/Cuda_Accelerated_LidarNet/models) by extensions ['python_setup_py']
[0.303s] Level 1:colcon.colcon_core.package_identification:_identify(/home/arps/studies/robotics/Cuda_Accelerated_LidarNet/models) by extension 'python_setup_py'
[0.303s] Level 1:colcon.colcon_core.package_identification:_identify(/home/arps/studies/robotics/Cuda_Accelerated_LidarNet/models/bones) by extensions ['ignore', 'ignore_ament_install']
[0.303s] Level 1:colcon.colcon_core.package_identification:_identify(/home/arps/studies/robotics/Cuda_Accelerated_LidarNet/models/bones) by extension 'ignore'
[0.303s] Level 1:colcon.colcon_core.package_identification:_identify(/home/arps/studies/robotics/Cuda_Accelerated_LidarNet/models/bones) by extension 'ignore_ament_install'
[0.303s] Level 1:colcon.colcon_core.package_identification:_identify(/home/arps/studies/robotics/Cuda_Accelerated_LidarNet/models/bones) by extensions ['colcon_pkg']
[0.303s] Level 1:colcon.colcon_core.package_identification:_identify(/home/arps/studies/robotics/Cuda_Accelerated_LidarNet/models/bones) by extension 'colcon_pkg'
[0.303s] Level 1:colcon.colcon_core.package_identification:_identify(/home/arps/studies/robotics/Cuda_Accelerated_LidarNet/models/bones) by extensions ['colcon_meta']
[0.303s] Level 1:colcon.colcon_core.package_identification:_identify(/home/arps/studies/robotics/Cuda_Accelerated_LidarNet/models/bones) by extension 'colcon_meta'
[0.304s] Level 1:colcon.colcon_core.package_identification:_identify(/home/arps/studies/robotics/Cuda_Accelerated_LidarNet/models/bones) by extensions ['ros']
[0.304s] Level 1:colcon.colcon_core.package_identification:_identify(/home/arps/studies/robotics/Cuda_Accelerated_LidarNet/models/bones) by extension 'ros'
[0.304s] Level 1:colcon.colcon_core.package_identification:_identify(/home/arps/studies/robotics/Cuda_Accelerated_LidarNet/models/bones) by extensions ['cmake', 'python']
[0.304s] Level 1:colcon.colcon_core.package_identification:_identify(/home/arps/studies/robotics/Cuda_Accelerated_LidarNet/models/bones) by extension 'cmake'
[0.304s] Level 1:colcon.colcon_core.package_identification:_identify(/home/arps/studies/robotics/Cuda_Accelerated_LidarNet/models/bones) by extension 'python'
[0.304s] Level 1:colcon.colcon_core.package_identification:_identify(/home/arps/studies/robotics/Cuda_Accelerated_LidarNet/models/bones) by extensions ['python_setup_py']
[0.304s] Level 1:colcon.colcon_core.package_identification:_identify(/home/arps/studies/robotics/Cuda_Accelerated_LidarNet/models/bones) by extension 'python_setup_py'
[0.304s] Level 1:colcon.colcon_core.package_identification:_identify(/home/arps/studies/robotics/Cuda_Accelerated_LidarNet/models/detectors) by extensions ['ignore', 'ignore_ament_install']
[0.304s] Level 1:colcon.colcon_core.package_identification:_identify(/home/arps/studies/robotics/Cuda_Accelerated_LidarNet/models/detectors) by extension 'ignore'
[0.304s] Level 1:colcon.colcon_core.package_identification:_identify(/home/arps/studies/robotics/Cuda_Accelerated_LidarNet/models/detectors) by extension 'ignore_ament_install'
[0.304s] Level 1:colcon.colcon_core.package_identification:_identify(/home/arps/studies/robotics/Cuda_Accelerated_LidarNet/models/detectors) by extensions ['colcon_pkg']
[0.304s] Level 1:colcon.colcon_core.package_identification:_identify(/home/arps/studies/robotics/Cuda_Accelerated_LidarNet/models/detectors) by extension 'colcon_pkg'
[0.304s] Level 1:colcon.colcon_core.package_identification:_identify(/home/arps/studies/robotics/Cuda_Accelerated_LidarNet/models/detectors) by extensions ['colcon_meta']
[0.304s] Level 1:colcon.colcon_core.package_identification:_identify(/home/arps/studies/robotics/Cuda_Accelerated_LidarNet/models/detectors) by extension 'colcon_meta'
[0.304s] Level 1:colcon.colcon_core.package_identification:_identify(/home/arps/studies/robotics/Cuda_Accelerated_LidarNet/models/detectors) by extensions ['ros']
[0.304s] Level 1:colcon.colcon_core.package_identification:_identify(/home/arps/studies/robotics/Cuda_Accelerated_LidarNet/models/detectors) by extension 'ros'
[0.304s] Level 1:colcon.colcon_core.package_identification:_identify(/home/arps/studies/robotics/Cuda_Accelerated_LidarNet/models/detectors) by extensions ['cmake', 'python']
[0.305s] Level 1:colcon.colcon_core.package_identification:_identify(/home/arps/studies/robotics/Cuda_Accelerated_LidarNet/models/detectors) by extension 'cmake'
[0.305s] Level 1:colcon.colcon_core.package_identification:_identify(/home/arps/studies/robotics/Cuda_Accelerated_LidarNet/models/detectors) by extension 'python'
[0.305s] Level 1:colcon.colcon_core.package_identification:_identify(/home/arps/studies/robotics/Cuda_Accelerated_LidarNet/models/detectors) by extensions ['python_setup_py']
[0.305s] Level 1:colcon.colcon_core.package_identification:_identify(/home/arps/studies/robotics/Cuda_Accelerated_LidarNet/models/detectors) by extension 'python_setup_py'
[0.305s] Level 1:colcon.colcon_core.package_identification:_identify(/home/arps/studies/robotics/Cuda_Accelerated_LidarNet/params) by extensions ['ignore', 'ignore_ament_install']
[0.305s] Level 1:colcon.colcon_core.package_identification:_identify(/home/arps/studies/robotics/Cuda_Accelerated_LidarNet/params) by extension 'ignore'
[0.305s] Level 1:colcon.colcon_core.package_identification:_identify(/home/arps/studies/robotics/Cuda_Accelerated_LidarNet/params) by extension 'ignore_ament_install'
[0.305s] Level 1:colcon.colcon_core.package_identification:_identify(/home/arps/studies/robotics/Cuda_Accelerated_LidarNet/params) by extensions ['colcon_pkg']
[0.305s] Level 1:colcon.colcon_core.package_identification:_identify(/home/arps/studies/robotics/Cuda_Accelerated_LidarNet/params) by extension 'colcon_pkg'
[0.305s] Level 1:colcon.colcon_core.package_identification:_identify(/home/arps/studies/robotics/Cuda_Accelerated_LidarNet/params) by extensions ['colcon_meta']
[0.305s] Level 1:colcon.colcon_core.package_identification:_identify(/home/arps/studies/robotics/Cuda_Accelerated_LidarNet/params) by extension 'colcon_meta'
[0.305s] Level 1:colcon.colcon_core.package_identification:_identify(/home/arps/studies/robotics/Cuda_Accelerated_LidarNet/params) by extensions ['ros']
[0.305s] Level 1:colcon.colcon_core.package_identification:_identify(/home/arps/studies/robotics/Cuda_Accelerated_LidarNet/params) by extension 'ros'
[0.305s] Level 1:colcon.colcon_core.package_identification:_identify(/home/arps/studies/robotics/Cuda_Accelerated_LidarNet/params) by extensions ['cmake', 'python']
[0.305s] Level 1:colcon.colcon_core.package_identification:_identify(/home/arps/studies/robotics/Cuda_Accelerated_LidarNet/params) by extension 'cmake'
[0.305s] Level 1:colcon.colcon_core.package_identification:_identify(/home/arps/studies/robotics/Cuda_Accelerated_LidarNet/params) by extension 'python'
[0.305s] Level 1:colcon.colcon_core.package_identification:_identify(/home/arps/studies/robotics/Cuda_Accelerated_LidarNet/params) by extensions ['python_setup_py']
[0.305s] Level 1:colcon.colcon_core.package_identification:_identify(/home/arps/studies/robotics/Cuda_Accelerated_LidarNet/params) by extension 'python_setup_py'
[0.306s] Level 1:colcon.colcon_core.package_identification:_identify(/home/arps/studies/robotics/Cuda_Accelerated_LidarNet/params/configs) by extensions ['ignore', 'ignore_ament_install']
[0.306s] Level 1:colcon.colcon_core.package_identification:_identify(/home/arps/studies/robotics/Cuda_Accelerated_LidarNet/params/configs) by extension 'ignore'
[0.306s] Level 1:colcon.colcon_core.package_identification:_identify(/home/arps/studies/robotics/Cuda_Accelerated_LidarNet/params/configs) by extension 'ignore_ament_install'
[0.306s] Level 1:colcon.colcon_core.package_identification:_identify(/home/arps/studies/robotics/Cuda_Accelerated_LidarNet/params/configs) by extensions ['colcon_pkg']
[0.306s] Level 1:colcon.colcon_core.package_identification:_identify(/home/arps/studies/robotics/Cuda_Accelerated_LidarNet/params/configs) by extension 'colcon_pkg'
[0.306s] Level 1:colcon.colcon_core.package_identification:_identify(/home/arps/studies/robotics/Cuda_Accelerated_LidarNet/params/configs) by extensions ['colcon_meta']
[0.306s] Level 1:colcon.colcon_core.package_identification:_identify(/home/arps/studies/robotics/Cuda_Accelerated_LidarNet/params/configs) by extension 'colcon_meta'
[0.306s] Level 1:colcon.colcon_core.package_identification:_identify(/home/arps/studies/robotics/Cuda_Accelerated_LidarNet/params/configs) by extensions ['ros']
[0.306s] Level 1:colcon.colcon_core.package_identification:_identify(/home/arps/studies/robotics/Cuda_Accelerated_LidarNet/params/configs) by extension 'ros'
[0.306s] Level 1:colcon.colcon_core.package_identification:_identify(/home/arps/studies/robotics/Cuda_Accelerated_LidarNet/params/configs) by extensions ['cmake', 'python']
[0.306s] Level 1:colcon.colcon_core.package_identification:_identify(/home/arps/studies/robotics/Cuda_Accelerated_LidarNet/params/configs) by extension 'cmake'
[0.306s] Level 1:colcon.colcon_core.package_identification:_identify(/home/arps/studies/robotics/Cuda_Accelerated_LidarNet/params/configs) by extension 'python'
[0.306s] Level 1:colcon.colcon_core.package_identification:_identify(/home/arps/studies/robotics/Cuda_Accelerated_LidarNet/params/configs) by extensions ['python_setup_py']
[0.306s] Level 1:colcon.colcon_core.package_identification:_identify(/home/arps/studies/robotics/Cuda_Accelerated_LidarNet/params/configs) by extension 'python_setup_py'
[0.307s] Level 1:colcon.colcon_core.package_discovery:discover_packages(recursive) using defaults
